<?xml version="1.0" encoding="UTF-8"?>
<!-- Generated by org.testng.reporters.JUnitXMLReporter -->
<testsuite hostname="dell-PC" ignored="0" name="Test" tests="4" failures="0" timestamp="17 Dec 2017 14:10:30 GMT" time="176.675" errors="0">
  <testcase name="createTask" time="60.977" classname="com.actitime.scripts.TasksTest"/>
  <testcase name="createCustomerTest" time="14.596" classname="com.actitime.scripts.TasksTest"/>
  <testcase name="deleteCustomer" time="20.959" classname="com.actitime.scripts.TasksTest"/>
  <testcase name="createNewUser" time="16.226" classname="com.actitime.scripts.TasksTest"/>
</testsuite> <!-- Test -->
